7:C 29 Jun 2023 21:03:04.413 # oO0OoO0OoO0Oo Redis is starting oO0OoO0OoO0Oo
7:C 29 Jun 2023 21:03:04.413 # Redis version=7.0.11, bits=64, commit=00000000, modified=0, pid=7, just started
7:C 29 Jun 2023 21:03:04.413 # Configuration loaded
7:M 29 Jun 2023 21:03:04.414 * monotonic clock: POSIX clock_gettime
7:M 29 Jun 2023 21:03:04.416 # Warning: Could not create server TCP listening socket ::1:6370: bind: Address not available
7:M 29 Jun 2023 21:03:04.421 * Running mode=standalone, port=6370.
7:M 29 Jun 2023 21:03:04.421 # Server initialized
7:M 29 Jun 2023 21:03:04.434 * Creating AOF base file appendonly.aof.1.base.rdb on server start
7:M 29 Jun 2023 21:03:04.439 * Creating AOF incr file appendonly.aof.1.incr.aof on server start
7:M 29 Jun 2023 21:03:04.439 * Ready to accept connections
7:C 29 Jun 2023 21:43:03.381 # oO0OoO0OoO0Oo Redis is starting oO0OoO0OoO0Oo
7:C 29 Jun 2023 21:43:03.381 # Redis version=7.0.11, bits=64, commit=00000000, modified=0, pid=7, just started
7:C 29 Jun 2023 21:43:03.381 # Configuration loaded
7:M 29 Jun 2023 21:43:03.381 * monotonic clock: POSIX clock_gettime
7:M 29 Jun 2023 21:43:03.384 # Warning: Could not create server TCP listening socket ::1:6370: bind: Address not available
7:M 29 Jun 2023 21:43:03.398 * Running mode=standalone, port=6370.
7:M 29 Jun 2023 21:43:03.398 # Server initialized
7:M 29 Jun 2023 21:43:03.399 * Reading RDB base file on AOF loading...
7:M 29 Jun 2023 21:43:03.399 * Loading RDB produced by version 7.0.11
7:M 29 Jun 2023 21:43:03.399 * RDB age 2399 seconds
7:M 29 Jun 2023 21:43:03.399 * RDB memory usage when created 0.82 Mb
7:M 29 Jun 2023 21:43:03.399 * RDB is base AOF
7:M 29 Jun 2023 21:43:03.399 * Done loading RDB, keys loaded: 0, keys expired: 0.
7:M 29 Jun 2023 21:43:03.399 * DB loaded from base file appendonly.aof.1.base.rdb: 0.000 seconds
7:M 29 Jun 2023 21:43:03.400 * DB loaded from incr file appendonly.aof.1.incr.aof: 0.000 seconds
7:M 29 Jun 2023 21:43:03.400 * DB loaded from append only file: 0.001 seconds
7:M 29 Jun 2023 21:43:03.400 * Opening AOF incr file appendonly.aof.1.incr.aof on server start
7:M 29 Jun 2023 21:43:03.400 * Ready to accept connections
7:M 29 Jun 2023 21:46:25.151 * Replica 172.17.0.3:6371 asks for synchronization
7:M 29 Jun 2023 21:46:25.151 * Partial resynchronization not accepted: Replication ID mismatch (Replica asked for '5df626222c6ae9473a840d69fbc480785e7132b1', my replication IDs are '70d848c72ae338a5f5c49140f4e27e34b7403017' and '0000000000000000000000000000000000000000')
7:M 29 Jun 2023 21:46:25.151 * Replication backlog created, my new replication IDs are '1da2e4d0136692f7b329e391bd061eaafe2d14f6' and '0000000000000000000000000000000000000000'
7:M 29 Jun 2023 21:46:25.151 * Delay next BGSAVE for diskless SYNC
7:M 29 Jun 2023 21:46:55.141 * Starting BGSAVE for SYNC with target: replicas sockets
7:M 29 Jun 2023 21:46:55.141 * Background RDB transfer started by pid 20
20:C 29 Jun 2023 21:46:55.142 * Fork CoW for RDB: current 0 MB, peak 0 MB, average 0 MB
7:M 29 Jun 2023 21:46:55.144 # Diskless rdb transfer, done reading from pipe, 1 replicas still up.
7:M 29 Jun 2023 21:46:55.145 * Background RDB transfer terminated with success
7:M 29 Jun 2023 21:46:55.145 * Streamed RDB transfer with replica 172.17.0.3:6371 succeeded (socket). Waiting for REPLCONF ACK from slave to enable streaming
7:M 29 Jun 2023 21:46:55.145 * Synchronization with replica 172.17.0.3:6371 succeeded
7:M 29 Jun 2023 21:52:37.281 * Replica 172.17.0.4:6372 asks for synchronization
7:M 29 Jun 2023 21:52:37.281 * Partial resynchronization not accepted: Replication ID mismatch (Replica asked for '8f75ebab68d80410ae6fee8b517f873e73d240cf', my replication IDs are '1da2e4d0136692f7b329e391bd061eaafe2d14f6' and '0000000000000000000000000000000000000000')
7:M 29 Jun 2023 21:52:37.281 * Delay next BGSAVE for diskless SYNC
7:M 29 Jun 2023 21:53:07.060 * Starting BGSAVE for SYNC with target: replicas sockets
7:M 29 Jun 2023 21:53:07.061 * Background RDB transfer started by pid 21
21:C 29 Jun 2023 21:53:07.063 * Fork CoW for RDB: current 0 MB, peak 0 MB, average 0 MB
7:M 29 Jun 2023 21:53:07.063 # Diskless rdb transfer, done reading from pipe, 1 replicas still up.
7:M 29 Jun 2023 21:53:07.078 * Background RDB transfer terminated with success
7:M 29 Jun 2023 21:53:07.078 * Streamed RDB transfer with replica 172.17.0.4:6372 succeeded (socket). Waiting for REPLCONF ACK from slave to enable streaming
7:M 29 Jun 2023 21:53:07.078 * Synchronization with replica 172.17.0.4:6372 succeeded
