6:C 01 Jul 2023 15:36:18.326 # oO0OoO0OoO0Oo Redis is starting oO0OoO0OoO0Oo
6:C 01 Jul 2023 15:36:18.326 # Redis version=7.0.11, bits=64, commit=00000000, modified=0, pid=6, just started
6:C 01 Jul 2023 15:36:18.326 # Configuration loaded
6:M 01 Jul 2023 15:36:18.333 * monotonic clock: POSIX clock_gettime
6:M 01 Jul 2023 15:36:18.333 # Warning: Could not create server TCP listening socket ::1:6379: bind: Address not available
6:M 01 Jul 2023 15:36:18.334 * Running mode=standalone, port=6379.
6:M 01 Jul 2023 15:36:18.334 # Server initialized
6:M 01 Jul 2023 15:36:18.349 * Creating AOF base file appendonly.aof.1.base.rdb on server start
6:M 01 Jul 2023 15:36:18.357 * Creating AOF incr file appendonly.aof.1.incr.aof on server start
6:M 01 Jul 2023 15:36:18.357 * Ready to accept connections
6:M 01 Jul 2023 15:36:18.951 * Replica 172.27.0.11:6379 asks for synchronization
6:M 01 Jul 2023 15:36:18.952 * Full resync requested by replica 172.27.0.11:6379
6:M 01 Jul 2023 15:36:18.952 * Replication backlog created, my new replication IDs are 'b7028bd3c8774074343fcb4f48e9c3fc37cd25d6' and '0000000000000000000000000000000000000000'
6:M 01 Jul 2023 15:36:18.952 * Delay next BGSAVE for diskless SYNC
6:M 01 Jul 2023 15:36:19.436 * Replica 172.27.0.12:6379 asks for synchronization
6:M 01 Jul 2023 15:36:19.436 * Full resync requested by replica 172.27.0.12:6379
6:M 01 Jul 2023 15:36:19.436 * Delay next BGSAVE for diskless SYNC
6:M 01 Jul 2023 15:36:48.693 * Starting BGSAVE for SYNC with target: replicas sockets
6:M 01 Jul 2023 15:36:48.694 * Background RDB transfer started by pid 16
16:C 01 Jul 2023 15:36:48.695 * Fork CoW for RDB: current 0 MB, peak 0 MB, average 0 MB
6:M 01 Jul 2023 15:36:48.696 # Diskless rdb transfer, done reading from pipe, 2 replicas still up.
6:M 01 Jul 2023 15:36:48.700 * Background RDB transfer terminated with success
6:M 01 Jul 2023 15:36:48.700 * Streamed RDB transfer with replica 172.27.0.11:6379 succeeded (socket). Waiting for REPLCONF ACK from slave to enable streaming
6:M 01 Jul 2023 15:36:48.700 * Synchronization with replica 172.27.0.11:6379 succeeded
6:M 01 Jul 2023 15:36:48.700 * Streamed RDB transfer with replica 172.27.0.12:6379 succeeded (socket). Waiting for REPLCONF ACK from slave to enable streaming
6:M 01 Jul 2023 15:36:48.700 * Synchronization with replica 172.27.0.12:6379 succeeded
8:C 01 Jul 2023 15:52:08.921 # oO0OoO0OoO0Oo Redis is starting oO0OoO0OoO0Oo
8:C 01 Jul 2023 15:52:08.921 # Redis version=7.0.11, bits=64, commit=00000000, modified=0, pid=8, just started
8:C 01 Jul 2023 15:52:08.921 # Configuration loaded
8:M 01 Jul 2023 15:52:08.922 * monotonic clock: POSIX clock_gettime
8:M 01 Jul 2023 15:52:08.923 # Warning: Could not create server TCP listening socket ::1:6379: bind: Address not available
8:M 01 Jul 2023 15:52:08.939 * Running mode=standalone, port=6379.
8:M 01 Jul 2023 15:52:08.939 # Server initialized
8:M 01 Jul 2023 15:52:08.939 * Reading RDB base file on AOF loading...
8:M 01 Jul 2023 15:52:08.939 * Loading RDB produced by version 7.0.11
8:M 01 Jul 2023 15:52:08.939 * RDB age 950 seconds
8:M 01 Jul 2023 15:52:08.939 * RDB memory usage when created 0.82 Mb
8:M 01 Jul 2023 15:52:08.939 * RDB is base AOF
8:M 01 Jul 2023 15:52:08.939 * Done loading RDB, keys loaded: 0, keys expired: 0.
8:M 01 Jul 2023 15:52:08.939 * DB loaded from base file appendonly.aof.1.base.rdb: 0.000 seconds
8:M 01 Jul 2023 15:52:08.939 * DB loaded from incr file appendonly.aof.1.incr.aof: 0.000 seconds
8:M 01 Jul 2023 15:52:08.939 * DB loaded from append only file: 0.000 seconds
8:M 01 Jul 2023 15:52:08.940 * Opening AOF incr file appendonly.aof.1.incr.aof on server start
8:M 01 Jul 2023 15:52:08.940 * Ready to accept connections
8:S 01 Jul 2023 15:52:18.969 * Before turning into a replica, using my own master parameters to synthesize a cached master: I may be able to synchronize with the new master with just a partial transfer.
8:S 01 Jul 2023 15:52:18.969 * Connecting to MASTER 172.27.0.11:6379
8:S 01 Jul 2023 15:52:18.970 * MASTER <-> REPLICA sync started
8:S 01 Jul 2023 15:52:18.970 * REPLICAOF 172.27.0.11:6379 enabled (user request from 'id=5 addr=172.27.0.10:33112 laddr=172.27.0.10:6379 fd=8 name=sentinel-b99ef18c-cmd age=10 idle=0 flags=x db=0 sub=0 psub=0 ssub=0 multi=4 qbuf=199 qbuf-free=20275 argv-mem=4 multi-mem=179 rbs=1024 rbp=1024 obl=45 oll=0 omem=0 tot-mem=22575 events=r cmd=exec user=default redir=-1 resp=2')
8:S 01 Jul 2023 15:52:18.978 # CONFIG REWRITE executed with success.
8:S 01 Jul 2023 15:52:18.978 * Non blocking connect for SYNC fired the event.
8:S 01 Jul 2023 15:52:18.978 * Master replied to PING, replication can continue...
8:S 01 Jul 2023 15:52:18.979 * Trying a partial resynchronization (request c21e678ba9ef99d4d4308d5e18a4acd1d5cdec41:1).
8:signal-handler (1688197958) Received SIGTERM scheduling shutdown...
8:S 01 Jul 2023 15:52:38.355 # User requested shutdown...
8:S 01 Jul 2023 15:52:38.355 * Calling fsync() on the AOF file.
8:S 01 Jul 2023 15:52:38.355 * Saving the final RDB snapshot before exiting.
8:S 01 Jul 2023 15:52:38.357 * DB saved on disk
8:S 01 Jul 2023 15:52:38.357 * Removing the pid file.
8:S 01 Jul 2023 15:52:38.357 # Redis is now ready to exit, bye bye...
30:C 01 Jul 2023 16:07:52.365 # oO0OoO0OoO0Oo Redis is starting oO0OoO0OoO0Oo
30:C 01 Jul 2023 16:07:52.365 # Redis version=7.0.11, bits=64, commit=00000000, modified=0, pid=30, just started
30:C 01 Jul 2023 16:07:52.365 # Configuration loaded
30:S 01 Jul 2023 16:07:52.366 * monotonic clock: POSIX clock_gettime
30:S 01 Jul 2023 16:07:52.366 # Warning: Could not create server TCP listening socket ::1:6379: bind: Address not available
30:S 01 Jul 2023 16:07:52.367 * Running mode=standalone, port=6379.
30:S 01 Jul 2023 16:07:52.367 # Server initialized
30:S 01 Jul 2023 16:07:52.368 * Reading RDB base file on AOF loading...
30:S 01 Jul 2023 16:07:52.368 * Loading RDB produced by version 7.0.11
30:S 01 Jul 2023 16:07:52.368 * RDB age 1894 seconds
30:S 01 Jul 2023 16:07:52.368 * RDB memory usage when created 0.82 Mb
30:S 01 Jul 2023 16:07:52.368 * RDB is base AOF
30:S 01 Jul 2023 16:07:52.368 * Done loading RDB, keys loaded: 0, keys expired: 0.
30:S 01 Jul 2023 16:07:52.368 * DB loaded from base file appendonly.aof.1.base.rdb: 0.000 seconds
30:S 01 Jul 2023 16:07:52.368 * DB loaded from incr file appendonly.aof.1.incr.aof: 0.000 seconds
30:S 01 Jul 2023 16:07:52.368 * DB loaded from append only file: 0.000 seconds
30:S 01 Jul 2023 16:07:52.368 * Opening AOF incr file appendonly.aof.1.incr.aof on server start
30:S 01 Jul 2023 16:07:52.368 * Ready to accept connections
30:S 01 Jul 2023 16:07:52.368 * Connecting to MASTER 172.27.0.11:6379
30:S 01 Jul 2023 16:07:52.369 * MASTER <-> REPLICA sync started
30:S 01 Jul 2023 16:07:52.369 * Non blocking connect for SYNC fired the event.
30:S 01 Jul 2023 16:07:52.369 * Master replied to PING, replication can continue...
30:S 01 Jul 2023 16:07:52.370 * Partial resynchronization not possible (no cached master)
30:S 01 Jul 2023 16:08:22.907 * Full resync from master: b5ea703708bf26937e904d33af4c15b964b98109:388534
30:S 01 Jul 2023 16:08:22.909 * MASTER <-> REPLICA sync: receiving streamed RDB from master with EOF to disk
30:S 01 Jul 2023 16:08:22.910 * MASTER <-> REPLICA sync: Flushing old data
30:S 01 Jul 2023 16:08:22.910 * MASTER <-> REPLICA sync: Loading DB in memory
30:S 01 Jul 2023 16:08:22.912 * Loading RDB produced by version 7.0.11
30:S 01 Jul 2023 16:08:22.912 * RDB age 0 seconds
30:S 01 Jul 2023 16:08:22.912 * RDB memory usage when created 1.73 Mb
30:S 01 Jul 2023 16:08:22.912 * Done loading RDB, keys loaded: 1, keys expired: 0.
30:S 01 Jul 2023 16:08:22.912 * MASTER <-> REPLICA sync: Finished with success
30:S 01 Jul 2023 16:08:22.913 * Creating AOF incr file temp-appendonly.aof.incr on background rewrite
30:S 01 Jul 2023 16:08:22.913 * Background append only file rewriting started by pid 38
38:C 01 Jul 2023 16:08:22.915 * Successfully created the temporary AOF base file temp-rewriteaof-bg-38.aof
38:C 01 Jul 2023 16:08:22.915 * Fork CoW for AOF rewrite: current 0 MB, peak 0 MB, average 0 MB
30:S 01 Jul 2023 16:08:22.940 * Background AOF rewrite terminated with success
30:S 01 Jul 2023 16:08:22.940 * Successfully renamed the temporary AOF base file temp-rewriteaof-bg-38.aof into appendonly.aof.2.base.rdb
30:S 01 Jul 2023 16:08:22.940 * Successfully renamed the temporary AOF incr file temp-appendonly.aof.incr into appendonly.aof.2.incr.aof
30:S 01 Jul 2023 16:08:22.943 * Removing the history file appendonly.aof.1.incr.aof in the background
30:S 01 Jul 2023 16:08:22.943 * Removing the history file appendonly.aof.1.base.rdb in the background
30:S 01 Jul 2023 16:08:22.946 * Background AOF rewrite finished successfully
30:S 01 Jul 2023 17:07:53.086 * 1 changes in 3600 seconds. Saving...
30:S 01 Jul 2023 17:07:53.088 * Background saving started by pid 57
57:C 01 Jul 2023 17:07:53.091 * DB saved on disk
57:C 01 Jul 2023 17:07:53.092 * Fork CoW for RDB: current 0 MB, peak 0 MB, average 0 MB
30:S 01 Jul 2023 17:07:53.188 * Background saving terminated with success
30:S 01 Jul 2023 18:34:43.147 # Connection with master lost.
30:S 01 Jul 2023 18:34:43.147 * Caching the disconnected master state.
30:S 01 Jul 2023 18:34:43.147 * Reconnecting to MASTER 172.27.0.11:6379
30:S 01 Jul 2023 18:34:43.148 * MASTER <-> REPLICA sync started
30:S 01 Jul 2023 18:34:43.148 * Non blocking connect for SYNC fired the event.
30:S 01 Jul 2023 18:34:43.148 * Master replied to PING, replication can continue...
30:S 01 Jul 2023 18:34:43.148 * Trying a partial resynchronization (request b5ea703708bf26937e904d33af4c15b964b98109:1933349).
30:S 01 Jul 2023 18:34:43.148 * Successful partial resynchronization with master.
30:S 01 Jul 2023 18:34:43.148 * MASTER <-> REPLICA sync: Master accepted a Partial Resynchronization.
30:S 01 Jul 2023 18:42:00.263 # Connection with master lost.
30:S 01 Jul 2023 18:42:00.263 * Caching the disconnected master state.
30:S 01 Jul 2023 18:42:00.263 * Reconnecting to MASTER 172.27.0.11:6379
30:S 01 Jul 2023 18:42:00.264 * MASTER <-> REPLICA sync started
30:S 01 Jul 2023 18:42:00.264 * Non blocking connect for SYNC fired the event.
30:S 01 Jul 2023 18:42:00.265 * Master replied to PING, replication can continue...
30:S 01 Jul 2023 18:42:00.265 * Trying a partial resynchronization (request b5ea703708bf26937e904d33af4c15b964b98109:2005079).
30:S 01 Jul 2023 18:42:00.265 * Successful partial resynchronization with master.
30:S 01 Jul 2023 18:42:00.265 * MASTER <-> REPLICA sync: Master accepted a Partial Resynchronization.
