7:C 04 Jul 2023 11:51:10.097 # oO0OoO0OoO0Oo Redis is starting oO0OoO0OoO0Oo
7:C 04 Jul 2023 11:51:10.097 # Redis version=7.0.11, bits=64, commit=00000000, modified=0, pid=7, just started
7:C 04 Jul 2023 11:51:10.097 # Configuration loaded
7:S 04 Jul 2023 11:51:10.098 * monotonic clock: POSIX clock_gettime
7:S 04 Jul 2023 11:51:10.098 # Warning: Could not create server TCP listening socket ::1:6379: bind: Address not available
7:S 04 Jul 2023 11:51:10.098 * Running mode=standalone, port=6379.
7:S 04 Jul 2023 11:51:10.098 # Server initialized
7:S 04 Jul 2023 11:51:10.101 * Creating AOF base file appendonly.aof.1.base.rdb on server start
7:S 04 Jul 2023 11:51:10.103 * Creating AOF incr file appendonly.aof.1.incr.aof on server start
7:S 04 Jul 2023 11:51:10.103 * Ready to accept connections
7:S 04 Jul 2023 11:51:10.103 * Connecting to MASTER 172.27.0.10:6379
7:S 04 Jul 2023 11:51:10.104 * MASTER <-> REPLICA sync started
7:S 04 Jul 2023 11:51:10.104 * Non blocking connect for SYNC fired the event.
7:S 04 Jul 2023 11:51:10.104 * Master replied to PING, replication can continue...
7:S 04 Jul 2023 11:51:10.104 * Partial resynchronization not possible (no cached master)
7:S 04 Jul 2023 11:51:41.002 * Full resync from master: c6d1f4b8fb7b95d198c6e2ec2c814b1dde76cf9b:6093
7:S 04 Jul 2023 11:51:41.003 * MASTER <-> REPLICA sync: receiving streamed RDB from master with EOF to disk
7:S 04 Jul 2023 11:51:41.003 * MASTER <-> REPLICA sync: Flushing old data
7:S 04 Jul 2023 11:51:41.003 * MASTER <-> REPLICA sync: Loading DB in memory
7:S 04 Jul 2023 11:51:41.003 * Loading RDB produced by version 7.0.11
7:S 04 Jul 2023 11:51:41.003 * RDB age 0 seconds
7:S 04 Jul 2023 11:51:41.003 * RDB memory usage when created 1.16 Mb
7:S 04 Jul 2023 11:51:41.003 * Done loading RDB, keys loaded: 0, keys expired: 0.
7:S 04 Jul 2023 11:51:41.003 * MASTER <-> REPLICA sync: Finished with success
7:S 04 Jul 2023 11:51:41.003 * Creating AOF incr file temp-appendonly.aof.incr on background rewrite
7:S 04 Jul 2023 11:51:41.004 * Background append only file rewriting started by pid 17
17:C 04 Jul 2023 11:51:41.005 * Successfully created the temporary AOF base file temp-rewriteaof-bg-17.aof
17:C 04 Jul 2023 11:51:41.005 * Fork CoW for AOF rewrite: current 0 MB, peak 0 MB, average 0 MB
7:S 04 Jul 2023 11:51:41.032 * Background AOF rewrite terminated with success
7:S 04 Jul 2023 11:51:41.032 * Successfully renamed the temporary AOF base file temp-rewriteaof-bg-17.aof into appendonly.aof.2.base.rdb
7:S 04 Jul 2023 11:51:41.032 * Successfully renamed the temporary AOF incr file temp-appendonly.aof.incr into appendonly.aof.2.incr.aof
7:S 04 Jul 2023 11:51:41.033 * Removing the history file appendonly.aof.1.incr.aof in the background
7:S 04 Jul 2023 11:51:41.033 * Removing the history file appendonly.aof.1.base.rdb in the background
7:S 04 Jul 2023 11:51:41.034 * Background AOF rewrite finished successfully
