7:C 01 Jul 2023 15:36:19.427 # oO0OoO0OoO0Oo Redis is starting oO0OoO0OoO0Oo
7:C 01 Jul 2023 15:36:19.427 # Redis version=7.0.11, bits=64, commit=00000000, modified=0, pid=7, just started
7:C 01 Jul 2023 15:36:19.427 # Configuration loaded
7:S 01 Jul 2023 15:36:19.428 * monotonic clock: POSIX clock_gettime
7:S 01 Jul 2023 15:36:19.428 # Warning: Could not create server TCP listening socket ::1:6379: bind: Address not available
7:S 01 Jul 2023 15:36:19.429 * Running mode=standalone, port=6379.
7:S 01 Jul 2023 15:36:19.429 # Server initialized
7:S 01 Jul 2023 15:36:19.434 * Creating AOF base file appendonly.aof.1.base.rdb on server start
7:S 01 Jul 2023 15:36:19.435 * Creating AOF incr file appendonly.aof.1.incr.aof on server start
7:S 01 Jul 2023 15:36:19.435 * Ready to accept connections
7:S 01 Jul 2023 15:36:19.435 * Connecting to MASTER 172.27.0.10:6379
7:S 01 Jul 2023 15:36:19.436 * MASTER <-> REPLICA sync started
7:S 01 Jul 2023 15:36:19.436 * Non blocking connect for SYNC fired the event.
7:S 01 Jul 2023 15:36:19.436 * Master replied to PING, replication can continue...
7:S 01 Jul 2023 15:36:19.436 * Partial resynchronization not possible (no cached master)
7:S 01 Jul 2023 15:36:48.693 * Full resync from master: b7028bd3c8774074343fcb4f48e9c3fc37cd25d6:5819
7:S 01 Jul 2023 15:36:48.695 * MASTER <-> REPLICA sync: receiving streamed RDB from master with EOF to disk
7:S 01 Jul 2023 15:36:48.695 * MASTER <-> REPLICA sync: Flushing old data
7:S 01 Jul 2023 15:36:48.695 * MASTER <-> REPLICA sync: Loading DB in memory
7:S 01 Jul 2023 15:36:48.698 * Loading RDB produced by version 7.0.11
7:S 01 Jul 2023 15:36:48.698 * RDB age 0 seconds
7:S 01 Jul 2023 15:36:48.698 * RDB memory usage when created 1.16 Mb
7:S 01 Jul 2023 15:36:48.698 * Done loading RDB, keys loaded: 0, keys expired: 0.
7:S 01 Jul 2023 15:36:48.698 * MASTER <-> REPLICA sync: Finished with success
7:S 01 Jul 2023 15:36:48.698 * Creating AOF incr file temp-appendonly.aof.incr on background rewrite
7:S 01 Jul 2023 15:36:48.699 * Background append only file rewriting started by pid 17
17:C 01 Jul 2023 15:36:48.701 * Successfully created the temporary AOF base file temp-rewriteaof-bg-17.aof
17:C 01 Jul 2023 15:36:48.702 * Fork CoW for AOF rewrite: current 0 MB, peak 0 MB, average 0 MB
7:S 01 Jul 2023 15:36:48.726 * Background AOF rewrite terminated with success
7:S 01 Jul 2023 15:36:48.726 * Successfully renamed the temporary AOF base file temp-rewriteaof-bg-17.aof into appendonly.aof.2.base.rdb
7:S 01 Jul 2023 15:36:48.726 * Successfully renamed the temporary AOF incr file temp-appendonly.aof.incr into appendonly.aof.2.incr.aof
7:S 01 Jul 2023 15:36:48.732 * Removing the history file appendonly.aof.1.incr.aof in the background
7:S 01 Jul 2023 15:36:48.732 * Removing the history file appendonly.aof.1.base.rdb in the background
7:S 01 Jul 2023 15:36:48.734 * Background AOF rewrite finished successfully
7:M 01 Jul 2023 15:49:51.383 # Connection with master lost.
7:M 01 Jul 2023 15:49:51.383 * Caching the disconnected master state.
7:S 01 Jul 2023 15:49:51.384 * Connecting to MASTER 172.27.0.11:6379
7:S 01 Jul 2023 15:49:51.384 * MASTER <-> REPLICA sync started
7:S 01 Jul 2023 15:49:51.384 * REPLICAOF 172.27.0.11:6379 enabled (user request from 'id=7 addr=172.27.0.11:41540 laddr=172.27.0.12:6379 fd=13 name=sentinel-083ae14f-cmd age=802 idle=0 flags=x db=0 sub=0 psub=0 ssub=0 multi=4 qbuf=336 qbuf-free=20138 argv-mem=4 multi-mem=179 rbs=2048 rbp=2048 obl=45 oll=0 omem=0 tot-mem=23599 events=r cmd=exec user=default redir=-1 resp=2')
7:S 01 Jul 2023 15:49:51.409 # CONFIG REWRITE executed with success.
7:S 01 Jul 2023 15:49:51.409 * Non blocking connect for SYNC fired the event.
7:S 01 Jul 2023 15:49:51.410 * Master replied to PING, replication can continue...
7:S 01 Jul 2023 15:49:51.410 * Trying a partial resynchronization (request b7028bd3c8774074343fcb4f48e9c3fc37cd25d6:163799).
7:S 01 Jul 2023 15:49:51.410 * Successful partial resynchronization with master.
7:S 01 Jul 2023 15:49:51.410 # Master replication ID changed to b5ea703708bf26937e904d33af4c15b964b98109
7:S 01 Jul 2023 15:49:51.410 * MASTER <-> REPLICA sync: Master accepted a Partial Resynchronization.
7:S 01 Jul 2023 16:36:20.017 * 1 changes in 3600 seconds. Saving...
7:S 01 Jul 2023 16:36:20.019 * Background saving started by pid 28
28:C 01 Jul 2023 16:36:20.023 * DB saved on disk
28:C 01 Jul 2023 16:36:20.023 * Fork CoW for RDB: current 0 MB, peak 0 MB, average 0 MB
7:S 01 Jul 2023 16:36:20.120 * Background saving terminated with success
7:S 01 Jul 2023 18:34:43.146 # Connection with master lost.
7:S 01 Jul 2023 18:34:43.146 * Caching the disconnected master state.
7:S 01 Jul 2023 18:34:43.146 * Reconnecting to MASTER 172.27.0.11:6379
7:S 01 Jul 2023 18:34:43.146 * MASTER <-> REPLICA sync started
7:S 01 Jul 2023 18:34:43.146 * Non blocking connect for SYNC fired the event.
7:S 01 Jul 2023 18:34:43.146 * Master replied to PING, replication can continue...
7:S 01 Jul 2023 18:34:43.147 * Trying a partial resynchronization (request b5ea703708bf26937e904d33af4c15b964b98109:1933349).
7:S 01 Jul 2023 18:34:43.147 * Successful partial resynchronization with master.
7:S 01 Jul 2023 18:34:43.147 * MASTER <-> REPLICA sync: Master accepted a Partial Resynchronization.
7:S 01 Jul 2023 18:42:00.233 # Connection with master lost.
7:S 01 Jul 2023 18:42:00.233 * Caching the disconnected master state.
7:S 01 Jul 2023 18:42:00.233 * Reconnecting to MASTER 172.27.0.11:6379
7:S 01 Jul 2023 18:42:00.233 * MASTER <-> REPLICA sync started
7:S 01 Jul 2023 18:42:00.234 * Non blocking connect for SYNC fired the event.
7:S 01 Jul 2023 18:42:00.234 * Master replied to PING, replication can continue...
7:S 01 Jul 2023 18:42:00.234 * Trying a partial resynchronization (request b5ea703708bf26937e904d33af4c15b964b98109:2005079).
7:S 01 Jul 2023 18:42:00.234 * Successful partial resynchronization with master.
7:S 01 Jul 2023 18:42:00.234 * MASTER <-> REPLICA sync: Master accepted a Partial Resynchronization.
7:S 01 Jul 2023 20:56:42.216 # Connection with master lost.
7:S 01 Jul 2023 20:56:42.216 * Caching the disconnected master state.
7:S 01 Jul 2023 20:56:42.216 * Reconnecting to MASTER 172.27.0.11:6379
7:S 01 Jul 2023 20:56:42.216 * MASTER <-> REPLICA sync started
7:S 01 Jul 2023 20:56:42.216 # Error condition on socket for SYNC: Connection refused
